#
# There is insufficient memory for the Java Runtime Environment to continue.
# Native memory allocation (malloc) failed to allocate 233296 bytes for Chunk::new
# Possible reasons:
#   The system is out of physical RAM or swap space
#   The process is running with CompressedOops enabled, and the Java Heap may be blocking the growth of the native heap
# Possible solutions:
#   Reduce memory load on the system
#   Increase physical memory or swap space
#   Check if swap backing store is full
#   Decrease Java heap size (-Xmx/-Xms)
#   Decrease number of Java threads
#   Decrease Java thread stack sizes (-Xss)
#   Set larger code cache with -XX:ReservedCodeCacheSize=
#   JVM is running with Unscaled Compressed Oops mode in which the Java heap is
#     placed in the first 4GB address space. The Java Heap base address is the
#     maximum limit for the native heap growth. Please use -XX:HeapBaseMinAddress
#     to set the Java Heap base and to place the Java Heap above 4GB virtual address.
# This output file may be truncated or incomplete.
#
#  Out of Memory Error (./src/hotspot/share/memory/arena.cpp:197), pid=12300, tid=5680
#
# JRE version: OpenJDK Runtime Environment (11.0.10) (build 11.0.10+0-b96-7249189)
# Java VM: OpenJDK 64-Bit Server VM (11.0.10+0-b96-7249189, mixed mode, tiered, compressed oops, g1 gc, windows-amd64)
# No core dump will be written. Minidumps are not enabled by default on client versions of Windows
#

---------------  S U M M A R Y ------------

Command Line: -Dorg.gradle.appname=gradlew org.gradle.wrapper.GradleWrapperMain -q -Ptarget-platform=android-arm -Ptarget=C:\Users\Anas\StudioProjects\udemy\lib\main.dart -Ptrack-widget-creation=true -Pfilesystem-scheme=org-dartlang-root -Pdart-defines=flutter.inspector.structuredErrors%3Dtrue assembleDebug

Host: Intel(R) Core(TM) i7-5500U CPU @ 2.40GHz, 4 cores, 7G,  Windows 10 , 64 bit Build 19041 (10.0.19041.1151)
Time: Sat Sep 18 14:37:05 2021 Egypt Standard Time elapsed time: 1255.144208 seconds (0d 0h 20m 55s)

---------------  T H R E A D  ---------------

Current thread (0x000001fd421e8000):  JavaThread "C2 CompilerThread0" daemon [_thread_in_native, id=5680, stack(0x000000a4bd800000,0x000000a4bd900000)]


Current CompileTask:
C2:1255144 2351       4       java.util.regex.Pattern$CharPropertyGreedy::match (122 bytes)

Stack: [0x000000a4bd800000,0x000000a4bd900000]
Native frames: (J=compiled Java code, j=interpreted, Vv=VM code, C=native code)
V  [jvm.dll+0x5ecfaa]
V  [jvm.dll+0x722bd5]
V  [jvm.dll+0x72412d]
V  [jvm.dll+0x7247e3]
V  [jvm.dll+0x242928]
V  [jvm.dll+0xbc4fc]
V  [jvm.dll+0xbca0c]
V  [jvm.dll+0x2b4fd4]
V  [jvm.dll+0x506028]
V  [jvm.dll+0x203253]
V  [jvm.dll+0x1fd07c]
V  [jvm.dll+0x1fa77f]
V  [jvm.dll+0x18354c]
V  [jvm.dll+0x208ee7]
V  [jvm.dll+0x207731]
V  [jvm.dll+0x6eb1cf]
V  [jvm.dll+0x6e3d45]
V  [jvm.dll+0x5ebe96]
C  [ucrtbase.dll+0x21bb2]
C  [KERNEL32.DLL+0x17034]
C  [ntdll.dll+0x52651]


---------------  P R O C E S S  ---------------

Threads class SMR info:
_java_thread_list=0x000001fd43c79fd0, length=12, elements={
0x000001fd2868b000, 0x000001fd421c9000, 0x000001fd421ca000, 0x000001fd421e2000,
0x000001fd421e3000, 0x000001fd421e5000, 0x000001fd421e8000, 0x000001fd42ba4000,
0x000001fd42ba7000, 0x000001fd42c9c000, 0x000001fd43632800, 0x000001fd43084800
}

Java Threads: ( => current thread )
  0x000001fd2868b000 JavaThread "main" [_thread_blocked, id=5752, stack(0x000000a4bcc00000,0x000000a4bcd00000)]
  0x000001fd421c9000 JavaThread "Reference Handler" daemon [_thread_blocked, id=12756, stack(0x000000a4bd300000,0x000000a4bd400000)]
  0x000001fd421ca000 JavaThread "Finalizer" daemon [_thread_blocked, id=10012, stack(0x000000a4bd400000,0x000000a4bd500000)]
  0x000001fd421e2000 JavaThread "Signal Dispatcher" daemon [_thread_blocked, id=3584, stack(0x000000a4bd500000,0x000000a4bd600000)]
  0x000001fd421e3000 JavaThread "Attach Listener" daemon [_thread_blocked, id=10812, stack(0x000000a4bd600000,0x000000a4bd700000)]
  0x000001fd421e5000 JavaThread "Service Thread" daemon [_thread_blocked, id=9200, stack(0x000000a4bd700000,0x000000a4bd800000)]
=>0x000001fd421e8000 JavaThread "C2 CompilerThread0" daemon [_thread_in_native, id=5680, stack(0x000000a4bd800000,0x000000a4bd900000)]
  0x000001fd42ba4000 JavaThread "C1 CompilerThread0" daemon [_thread_blocked, id=5800, stack(0x000000a4bd900000,0x000000a4bda00000)]
  0x000001fd42ba7000 JavaThread "Sweeper thread" daemon [_thread_blocked, id=10904, stack(0x000000a4bda00000,0x000000a4bdb00000)]
  0x000001fd42c9c000 JavaThread "Common-Cleaner" daemon [_thread_blocked, id=8412, stack(0x000000a4bdc00000,0x000000a4bdd00000)]
  0x000001fd43632800 JavaThread "pool-1-thread-1" [_thread_blocked, id=5040, stack(0x000000a4be000000,0x000000a4be100000)]
  0x000001fd43084800 JavaThread "Exec process" [_thread_in_native, id=16156, stack(0x000000a4bca00000,0x000000a4bcb00000)]

Other Threads:
  0x000001fd421a2000 VMThread "VM Thread" [stack: 0x000000a4bd200000,0x000000a4bd300000] [id=8284]
  0x000001fd42c93000 WatcherThread [stack: 0x000000a4bdb00000,0x000000a4bdc00000] [id=12652]
  0x000001fd286a3800 GCTaskThread "GC Thread#0" [stack: 0x000000a4bcd00000,0x000000a4bce00000] [id=12820]
  0x000001fd42fc6800 GCTaskThread "GC Thread#1" [stack: 0x000000a4bdd00000,0x000000a4bde00000] [id=8876]
  0x000001fd432ca000 GCTaskThread "GC Thread#2" [stack: 0x000000a4bde00000,0x000000a4bdf00000] [id=10928]
  0x000001fd4356e800 GCTaskThread "GC Thread#3" [stack: 0x000000a4be100000,0x000000a4be200000] [id=380]
  0x000001fd286d3800 ConcurrentGCThread "G1 Main Marker" [stack: 0x000000a4bce00000,0x000000a4bcf00000] [id=10224]
  0x000001fd286d6000 ConcurrentGCThread "G1 Conc#0" [stack: 0x000000a4bcf00000,0x000000a4bd000000] [id=13208]
  0x000001fd28768000 ConcurrentGCThread "G1 Refine#0" [stack: 0x000000a4bd000000,0x000000a4bd100000] [id=11804]
  0x000001fd28769000 ConcurrentGCThread "G1 Young RemSet Sampling" [stack: 0x000000a4bd100000,0x000000a4bd200000] [id=8676]

Threads with active compile tasks:
C2 CompilerThread01275788 2351       4       java.util.regex.Pattern$CharPropertyGreedy::match (122 bytes)

VM state:not at safepoint (normal execution)

VM Mutex/Monitor currently owned by a thread: None

Heap address: 0x0000000081600000, size: 2026 MB, Compressed Oops mode: 32-bit
Narrow klass base: 0x0000000000000000, Narrow klass shift: 3
Compressed class space size: 1073741824 Address: 0x0000000100000000

Heap:
 garbage-first heap   total 131072K, used 20158K [0x0000000081600000, 0x0000000100000000)
  region size 1024K, 13 young (13312K), 2 survivors (2048K)
 Metaspace       used 16356K, capacity 16694K, committed 16768K, reserved 1064960K
  class space    used 1793K, capacity 1908K, committed 1920K, reserved 1048576K
Heap Regions: E=young(eden), S=young(survivor), O=old, HS=humongous(starts), HC=humongous(continues), CS=collection set, F=free, A=archive, TAMS=top-at-mark-start (previous, next)
|   0|0x0000000081600000, 0x0000000081700000, 0x0000000081700000|100%| O|  |TAMS 0x0000000081600000, 0x0000000081600000| Untracked 
|   1|0x0000000081700000, 0x00000000817db600, 0x0000000081800000| 85%| O|  |TAMS 0x0000000081700000, 0x0000000081700000| Untracked 
|   2|0x0000000081800000, 0x0000000081800000, 0x0000000081900000|  0%| F|  |TAMS 0x0000000081800000, 0x0000000081800000| Untracked 
|   3|0x0000000081900000, 0x0000000081a00000, 0x0000000081a00000|100%|HS|  |TAMS 0x0000000081900000, 0x0000000081900000| Complete 
|   4|0x0000000081a00000, 0x0000000081b00000, 0x0000000081b00000|100%|HC|  |TAMS 0x0000000081a00000, 0x0000000081a00000| Complete 
|   5|0x0000000081b00000, 0x0000000081c00000, 0x0000000081c00000|100%|HC|  |TAMS 0x0000000081b00000, 0x0000000081b00000| Complete 
|   6|0x0000000081c00000, 0x0000000081d00000, 0x0000000081d00000|100%| O|  |TAMS 0x0000000081c00000, 0x0000000081c00000| Untracked 
|   7|0x0000000081d00000, 0x0000000081e00000, 0x0000000081e00000|100%| O|  |TAMS 0x0000000081d00000, 0x0000000081d00000| Untracked 
|   8|0x0000000081e00000, 0x0000000081f00000, 0x0000000081f00000|100%| O|  |TAMS 0x0000000081e00000, 0x0000000081e00000| Untracked 
|   9|0x0000000081f00000, 0x0000000081f00000, 0x0000000082000000|  0%| F|  |TAMS 0x0000000081f00000, 0x0000000081f00000| Untracked 
|  10|0x0000000082000000, 0x0000000082000000, 0x0000000082100000|  0%| F|  |TAMS 0x0000000082000000, 0x0000000082000000| Untracked 
|  11|0x0000000082100000, 0x0000000082100000, 0x0000000082200000|  0%| F|  |TAMS 0x0000000082100000, 0x0000000082100000| Untracked 
|  12|0x0000000082200000, 0x0000000082200000, 0x0000000082300000|  0%| F|  |TAMS 0x0000000082200000, 0x0000000082200000| Untracked 
|  13|0x0000000082300000, 0x0000000082300000, 0x0000000082400000|  0%| F|  |TAMS 0x0000000082300000, 0x0000000082300000| Untracked 
|  14|0x0000000082400000, 0x0000000082400000, 0x0000000082500000|  0%| F|  |TAMS 0x0000000082400000, 0x0000000082400000| Untracked 
|  15|0x0000000082500000, 0x0000000082500000, 0x0000000082600000|  0%| F|  |TAMS 0x0000000082500000, 0x0000000082500000| Untracked 
|  16|0x0000000082600000, 0x0000000082600000, 0x0000000082700000|  0%| F|  |TAMS 0x0000000082600000, 0x0000000082600000| Untracked 
|  17|0x0000000082700000, 0x0000000082700000, 0x0000000082800000|  0%| F|  |TAMS 0x0000000082700000, 0x0000000082700000| Untracked 
|  18|0x0000000082800000, 0x0000000082800000, 0x0000000082900000|  0%| F|  |TAMS 0x0000000082800000, 0x0000000082800000| Untracked 
|  19|0x0000000082900000, 0x0000000082900000, 0x0000000082a00000|  0%| F|  |TAMS 0x0000000082900000, 0x0000000082900000| Untracked 
|  20|0x0000000082a00000, 0x0000000082a00000, 0x0000000082b00000|  0%| F|  |TAMS 0x0000000082a00000, 0x0000000082a00000| Untracked 
|  21|0x0000000082b00000, 0x0000000082b00000, 0x0000000082c00000|  0%| F|  |TAMS 0x0000000082b00000, 0x0000000082b00000| Untracked 
|  22|0x0000000082c00000, 0x0000000082c00000, 0x0000000082d00000|  0%| F|  |TAMS 0x0000000082c00000, 0x0000000082c00000| Untracked 
|  23|0x0000000082d00000, 0x0000000082d00000, 0x0000000082e00000|  0%| F|  |TAMS 0x0000000082d00000, 0x0000000082d00000| Untracked 
|  24|0x0000000082e00000, 0x0000000082e00000, 0x0000000082f00000|  0%| F|  |TAMS 0x0000000082e00000, 0x0000000082e00000| Untracked 
|  25|0x0000000082f00000, 0x0000000082f00000, 0x0000000083000000|  0%| F|  |TAMS 0x0000000082f00000, 0x0000000082f00000| Untracked 
|  26|0x0000000083000000, 0x0000000083000000, 0x0000000083100000|  0%| F|  |TAMS 0x0000000083000000, 0x0000000083000000| Untracked 
|  27|0x0000000083100000, 0x0000000083100000, 0x0000000083200000|  0%| F|  |TAMS 0x0000000083100000, 0x0000000083100000| Untracked 
|  28|0x0000000083200000, 0x0000000083200000, 0x0000000083300000|  0%| F|  |TAMS 0x0000000083200000, 0x0000000083200000| Untracked 
|  29|0x0000000083300000, 0x0000000083300000, 0x0000000083400000|  0%| F|  |TAMS 0x0000000083300000, 0x0000000083300000| Untracked 
|  30|0x0000000083400000, 0x0000000083400000, 0x0000000083500000|  0%| F|  |TAMS 0x0000000083400000, 0x0000000083400000| Untracked 
|  31|0x0000000083500000, 0x0000000083500000, 0x0000000083600000|  0%| F|  |TAMS 0x0000000083500000, 0x0000000083500000| Untracked 
|  32|0x0000000083600000, 0x0000000083600000, 0x0000000083700000|  0%| F|  |TAMS 0x0000000083600000, 0x0000000083600000| Untracked 
|  33|0x0000000083700000, 0x0000000083700000, 0x0000000083800000|  0%| F|  |TAMS 0x0000000083700000, 0x0000000083700000| Untracked 
|  34|0x0000000083800000, 0x0000000083800000, 0x0000000083900000|  0%| F|  |TAMS 0x0000000083800000, 0x0000000083800000| Untracked 
|  35|0x0000000083900000, 0x0000000083900000, 0x0000000083a00000|  0%| F|  |TAMS 0x0000000083900000, 0x0000000083900000| Untracked 
|  36|0x0000000083a00000, 0x0000000083a00000, 0x0000000083b00000|  0%| F|  |TAMS 0x0000000083a00000, 0x0000000083a00000| Untracked 
|  37|0x0000000083b00000, 0x0000000083b00000, 0x0000000083c00000|  0%| F|  |TAMS 0x0000000083b00000, 0x0000000083b00000| Untracked 
|  38|0x0000000083c00000, 0x0000000083c00000, 0x0000000083d00000|  0%| F|  |TAMS 0x0000000083c00000, 0x0000000083c00000| Untracked 
|  39|0x0000000083d00000, 0x0000000083d00000, 0x0000000083e00000|  0%| F|  |TAMS 0x0000000083d00000, 0x0000000083d00000| Untracked 
|  40|0x0000000083e00000, 0x0000000083e00000, 0x0000000083f00000|  0%| F|  |TAMS 0x0000000083e00000, 0x0000000083e00000| Untracked 
|  41|0x0000000083f00000, 0x0000000083f00000, 0x0000000084000000|  0%| F|  |TAMS 0x0000000083f00000, 0x0000000083f00000| Untracked 
|  42|0x0000000084000000, 0x0000000084000000, 0x0000000084100000|  0%| F|  |TAMS 0x0000000084000000, 0x0000000084000000| Untracked 
|  43|0x0000000084100000, 0x0000000084100000, 0x0000000084200000|  0%| F|  |TAMS 0x0000000084100000, 0x0000000084100000| Untracked 
|  44|0x0000000084200000, 0x0000000084200000, 0x0000000084300000|  0%| F|  |TAMS 0x0000000084200000, 0x0000000084200000| Untracked 
|  45|0x0000000084300000, 0x0000000084300000, 0x0000000084400000|  0%| F|  |TAMS 0x0000000084300000, 0x0000000084300000| Untracked 
|  46|0x0000000084400000, 0x0000000084400000, 0x0000000084500000|  0%| F|  |TAMS 0x0000000084400000, 0x0000000084400000| Untracked 
|  47|0x0000000084500000, 0x0000000084500000, 0x0000000084600000|  0%| F|  |TAMS 0x0000000084500000, 0x0000000084500000| Untracked 
|  48|0x0000000084600000, 0x0000000084600000, 0x0000000084700000|  0%| F|  |TAMS 0x0000000084600000, 0x0000000084600000| Untracked 
|  49|0x0000000084700000, 0x0000000084700000, 0x0000000084800000|  0%| F|  |TAMS 0x0000000084700000, 0x0000000084700000| Untracked 
|  50|0x0000000084800000, 0x00000000848d4350, 0x0000000084900000| 82%| S|CS|TAMS 0x0000000084800000, 0x0000000084800000| Complete 
|  51|0x0000000084900000, 0x0000000084a00000, 0x0000000084a00000|100%| S|CS|TAMS 0x0000000084900000, 0x0000000084900000| Complete 
|  52|0x0000000084a00000, 0x0000000084a00000, 0x0000000084b00000|  0%| F|  |TAMS 0x0000000084a00000, 0x0000000084a00000| Untracked 
|  53|0x0000000084b00000, 0x0000000084b00000, 0x0000000084c00000|  0%| F|  |TAMS 0x0000000084b00000, 0x0000000084b00000| Untracked 
|  54|0x0000000084c00000, 0x0000000084c00000, 0x0000000084d00000|  0%| F|  |TAMS 0x0000000084c00000, 0x0000000084c00000| Untracked 
|  55|0x0000000084d00000, 0x0000000084d00000, 0x0000000084e00000|  0%| F|  |TAMS 0x0000000084d00000, 0x0000000084d00000| Untracked 
|  56|0x0000000084e00000, 0x0000000084e00000, 0x0000000084f00000|  0%| F|  |TAMS 0x0000000084e00000, 0x0000000084e00000| Untracked 
|  57|0x0000000084f00000, 0x0000000084f00000, 0x0000000085000000|  0%| F|  |TAMS 0x0000000084f00000, 0x0000000084f00000| Untracked 
|  58|0x0000000085000000, 0x0000000085000000, 0x0000000085100000|  0%| F|  |TAMS 0x0000000085000000, 0x0000000085000000| Untracked 
|  59|0x0000000085100000, 0x0000000085100000, 0x0000000085200000|  0%| F|  |TAMS 0x0000000085100000, 0x0000000085100000| Untracked 
|  60|0x0000000085200000, 0x0000000085200000, 0x0000000085300000|  0%| F|  |TAMS 0x0000000085200000, 0x0000000085200000| Untracked 
|  61|0x0000000085300000, 0x0000000085300000, 0x0000000085400000|  0%| F|  |TAMS 0x0000000085300000, 0x0000000085300000| Untracked 
|  62|0x0000000085400000, 0x0000000085400000, 0x0000000085500000|  0%| F|  |TAMS 0x0000000085400000, 0x0000000085400000| Untracked 
|  63|0x0000000085500000, 0x0000000085500000, 0x0000000085600000|  0%| F|  |TAMS 0x0000000085500000, 0x0000000085500000| Untracked 
|  64|0x0000000085600000, 0x0000000085600000, 0x0000000085700000|  0%| F|  |TAMS 0x0000000085600000, 0x0000000085600000| Untracked 
|  65|0x0000000085700000, 0x0000000085700000, 0x0000000085800000|  0%| F|  |TAMS 0x0000000085700000, 0x0000000085700000| Untracked 
|  66|0x0000000085800000, 0x0000000085800000, 0x0000000085900000|  0%| F|  |TAMS 0x0000000085800000, 0x0000000085800000| Untracked 
|  67|0x0000000085900000, 0x0000000085900000, 0x0000000085a00000|  0%| F|  |TAMS 0x0000000085900000, 0x0000000085900000| Untracked 
|  68|0x0000000085a00000, 0x0000000085a00000, 0x0000000085b00000|  0%| F|  |TAMS 0x0000000085a00000, 0x0000000085a00000| Untracked 
|  69|0x0000000085b00000, 0x0000000085b00000, 0x0000000085c00000|  0%| F|  |TAMS 0x0000000085b00000, 0x0000000085b00000| Untracked 
|  70|0x0000000085c00000, 0x0000000085c00000, 0x0000000085d00000|  0%| F|  |TAMS 0x0000000085c00000, 0x0000000085c00000| Untracked 
|  71|0x0000000085d00000, 0x0000000085d00000, 0x0000000085e00000|  0%| F|  |TAMS 0x0000000085d00000, 0x0000000085d00000| Untracked 
|  72|0x0000000085e00000, 0x0000000085e00000, 0x0000000085f00000|  0%| F|  |TAMS 0x0000000085e00000, 0x0000000085e00000| Untracked 
|  73|0x0000000085f00000, 0x0000000085f00000, 0x0000000086000000|  0%| F|  |TAMS 0x0000000085f00000, 0x0000000085f00000| Untracked 
|  74|0x0000000086000000, 0x0000000086000000, 0x0000000086100000|  0%| F|  |TAMS 0x0000000086000000, 0x0000000086000000| Untracked 
|  75|0x0000000086100000, 0x0000000086100000, 0x0000000086200000|  0%| F|  |TAMS 0x0000000086100000, 0x0000000086100000| Untracked 
|  76|0x0000000086200000, 0x0000000086200000, 0x0000000086300000|  0%| F|  |TAMS 0x0000000086200000, 0x0000000086200000| Untracked 
|  77|0x0000000086300000, 0x0000000086300000, 0x0000000086400000|  0%| F|  |TAMS 0x0000000086300000, 0x0000000086300000| Untracked 
|  78|0x0000000086400000, 0x0000000086400000, 0x0000000086500000|  0%| F|  |TAMS 0x0000000086400000, 0x0000000086400000| Untracked 
|  79|0x0000000086500000, 0x0000000086500000, 0x0000000086600000|  0%| F|  |TAMS 0x0000000086500000, 0x0000000086500000| Untracked 
|  80|0x0000000086600000, 0x0000000086600000, 0x0000000086700000|  0%| F|  |TAMS 0x0000000086600000, 0x0000000086600000| Untracked 
|  81|0x0000000086700000, 0x0000000086700000, 0x0000000086800000|  0%| F|  |TAMS 0x0000000086700000, 0x0000000086700000| Untracked 
|  82|0x0000000086800000, 0x0000000086800000, 0x0000000086900000|  0%| F|  |TAMS 0x0000000086800000, 0x0000000086800000| Untracked 
|  83|0x0000000086900000, 0x0000000086900000, 0x0000000086a00000|  0%| F|  |TAMS 0x0000000086900000, 0x0000000086900000| Untracked 
|  84|0x0000000086a00000, 0x0000000086a00000, 0x0000000086b00000|  0%| F|  |TAMS 0x0000000086a00000, 0x0000000086a00000| Untracked 
|  85|0x0000000086b00000, 0x0000000086b00000, 0x0000000086c00000|  0%| F|  |TAMS 0x0000000086b00000, 0x0000000086b00000| Untracked 
|  86|0x0000000086c00000, 0x0000000086c00000, 0x0000000086d00000|  0%| F|  |TAMS 0x0000000086c00000, 0x0000000086c00000| Untracked 
|  87|0x0000000086d00000, 0x0000000086d00000, 0x0000000086e00000|  0%| F|  |TAMS 0x0000000086d00000, 0x0000000086d00000| Untracked 
|  88|0x0000000086e00000, 0x0000000086e00000, 0x0000000086f00000|  0%| F|  |TAMS 0x0000000086e00000, 0x0000000086e00000| Untracked 
|  89|0x0000000086f00000, 0x0000000086f00000, 0x0000000087000000|  0%| F|  |TAMS 0x0000000086f00000, 0x0000000086f00000| Untracked 
|  90|0x0000000087000000, 0x0000000087000000, 0x0000000087100000|  0%| F|  |TAMS 0x0000000087000000, 0x0000000087000000| Untracked 
|  91|0x0000000087100000, 0x0000000087100000, 0x0000000087200000|  0%| F|  |TAMS 0x0000000087100000, 0x0000000087100000| Untracked 
|  92|0x0000000087200000, 0x0000000087200000, 0x0000000087300000|  0%| F|  |TAMS 0x0000000087200000, 0x0000000087200000| Untracked 
|  93|0x0000000087300000, 0x0000000087300000, 0x0000000087400000|  0%| F|  |TAMS 0x0000000087300000, 0x0000000087300000| Untracked 
|  94|0x0000000087400000, 0x0000000087400000, 0x0000000087500000|  0%| F|  |TAMS 0x0000000087400000, 0x0000000087400000| Untracked 
|  95|0x0000000087500000, 0x0000000087500000, 0x0000000087600000|  0%| F|  |TAMS 0x0000000087500000, 0x0000000087500000| Untracked 
|  96|0x0000000087600000, 0x0000000087600000, 0x0000000087700000|  0%| F|  |TAMS 0x0000000087600000, 0x0000000087600000| Untracked 
|  97|0x0000000087700000, 0x0000000087700000, 0x0000000087800000|  0%| F|  |TAMS 0x0000000087700000, 0x0000000087700000| Untracked 
|  98|0x0000000087800000, 0x0000000087800000, 0x0000000087900000|  0%| F|  |TAMS 0x0000000087800000, 0x0000000087800000| Untracked 
|  99|0x0000000087900000, 0x0000000087900000, 0x0000000087a00000|  0%| F|  |TAMS 0x0000000087900000, 0x0000000087900000| Untracked 
| 100|0x0000000087a00000, 0x0000000087a00000, 0x0000000087b00000|  0%| F|  |TAMS 0x0000000087a00000, 0x0000000087a00000| Untracked 
| 101|0x0000000087b00000, 0x0000000087b00000, 0x0000000087c00000|  0%| F|  |TAMS 0x0000000087b00000, 0x0000000087b00000| Untracked 
| 102|0x0000000087c00000, 0x0000000087c00000, 0x0000000087d00000|  0%| F|  |TAMS 0x0000000087c00000, 0x0000000087c00000| Untracked 
| 103|0x0000000087d00000, 0x0000000087d00000, 0x0000000087e00000|  0%| F|  |TAMS 0x0000000087d00000, 0x0000000087d00000| Untracked 
| 104|0x0000000087e00000, 0x0000000087e00000, 0x0000000087f00000|  0%| F|  |TAMS 0x0000000087e00000, 0x0000000087e00000| Untracked 
| 105|0x0000000087f00000, 0x0000000087f00000, 0x0000000088000000|  0%| F|  |TAMS 0x0000000087f00000, 0x0000000087f00000| Untracked 
| 106|0x0000000088000000, 0x0000000088000000, 0x0000000088100000|  0%| F|  |TAMS 0x0000000088000000, 0x0000000088000000| Untracked 
| 107|0x0000000088100000, 0x0000000088100000, 0x0000000088200000|  0%| F|  |TAMS 0x0000000088100000, 0x0000000088100000| Untracked 
| 108|0x0000000088200000, 0x0000000088200000, 0x0000000088300000|  0%| F|  |TAMS 0x0000000088200000, 0x0000000088200000| Untracked 
| 109|0x0000000088300000, 0x0000000088300000, 0x0000000088400000|  0%| F|  |TAMS 0x0000000088300000, 0x0000000088300000| Untracked 
| 110|0x0000000088400000, 0x0000000088400000, 0x0000000088500000|  0%| F|  |TAMS 0x0000000088400000, 0x0000000088400000| Untracked 
| 111|0x0000000088500000, 0x0000000088500000, 0x0000000088600000|  0%| F|  |TAMS 0x0000000088500000, 0x0000000088500000| Untracked 
| 112|0x0000000088600000, 0x0000000088600000, 0x0000000088700000|  0%| F|  |TAMS 0x0000000088600000, 0x0000000088600000| Untracked 
| 113|0x0000000088700000, 0x0000000088700000, 0x0000000088800000|  0%| F|  |TAMS 0x0000000088700000, 0x0000000088700000| Untracked 
| 114|0x0000000088800000, 0x0000000088800000, 0x0000000088900000|  0%| F|  |TAMS 0x0000000088800000, 0x0000000088800000| Untracked 
| 115|0x0000000088900000, 0x0000000088900000, 0x0000000088a00000|  0%| F|  |TAMS 0x0000000088900000, 0x0000000088900000| Untracked 
| 116|0x0000000088a00000, 0x0000000088a00000, 0x0000000088b00000|  0%| F|  |TAMS 0x0000000088a00000, 0x0000000088a00000| Untracked 
| 117|0x0000000088b00000, 0x0000000088b8ce30, 0x0000000088c00000| 55%| E|  |TAMS 0x0000000088b00000, 0x0000000088b00000| Complete 
| 118|0x0000000088c00000, 0x0000000088d00000, 0x0000000088d00000|100%| E|CS|TAMS 0x0000000088c00000, 0x0000000088c00000| Complete 
| 119|0x0000000088d00000, 0x0000000088e00000, 0x0000000088e00000|100%| E|CS|TAMS 0x0000000088d00000, 0x0000000088d00000| Complete 
| 120|0x0000000088e00000, 0x0000000088f00000, 0x0000000088f00000|100%| E|CS|TAMS 0x0000000088e00000, 0x0000000088e00000| Complete 
| 121|0x0000000088f00000, 0x0000000089000000, 0x0000000089000000|100%| E|CS|TAMS 0x0000000088f00000, 0x0000000088f00000| Complete 
| 122|0x0000000089000000, 0x0000000089100000, 0x0000000089100000|100%| E|CS|TAMS 0x0000000089000000, 0x0000000089000000| Complete 
| 123|0x0000000089100000, 0x0000000089200000, 0x0000000089200000|100%| E|CS|TAMS 0x0000000089100000, 0x0000000089100000| Complete 
| 124|0x0000000089200000, 0x0000000089300000, 0x0000000089300000|100%| E|CS|TAMS 0x0000000089200000, 0x0000000089200000| Complete 
| 125|0x0000000089300000, 0x0000000089400000, 0x0000000089400000|100%| E|CS|TAMS 0x0000000089300000, 0x0000000089300000| Complete 
| 126|0x0000000089400000, 0x0000000089500000, 0x0000000089500000|100%| E|CS|TAMS 0x0000000089400000, 0x0000000089400000| Complete 
| 127|0x0000000089500000, 0x0000000089600000, 0x0000000089600000|100%| E|CS|TAMS 0x0000000089500000, 0x0000000089500000| Complete 

Card table byte_map: [0x000001fd3b580000,0x000001fd3b980000] _byte_map_base: 0x000001fd3b175000

Marking Bits (Prev, Next): (CMBitMap*) 0x000001fd286cacd8, (CMBitMap*) 0x000001fd286cad10
 Prev Bits: [0x000001fd3bd80000, 0x000001fd3dd28000)
 Next Bits: [0x000001fd3dd30000, 0x000001fd3fcd8000)

Polling page: 0x000001fd27e70000

Metaspace:

Usage:
  Non-class:     14.44 MB capacity,    14.22 MB ( 98%) used,   200.91 KB (  1%) free+waste,    22.81 KB ( <1%) overhead. 
      Class:      1.86 MB capacity,     1.75 MB ( 94%) used,   103.27 KB (  5%) free+waste,    10.94 KB ( <1%) overhead. 
       Both:     16.30 MB capacity,    15.97 MB ( 98%) used,   304.17 KB (  2%) free+waste,    33.75 KB ( <1%) overhead. 

Virtual space:
  Non-class space:       16.00 MB reserved,      14.50 MB ( 91%) committed 
      Class space:        1.00 GB reserved,       1.88 MB ( <1%) committed 
             Both:        1.02 GB reserved,      16.38 MB (  2%) committed 

Chunk freelists:
   Non-Class:  62.00 KB
       Class:  12.00 KB
        Both:  74.00 KB

MaxMetaspaceSize: 17179869184.00 GB
CompressedClassSpaceSize: 1.00 GB

CodeHeap 'non-profiled nmethods': size=120064Kb used=1466Kb max_used=1466Kb free=118597Kb
 bounds [0x000001fd33c40000, 0x000001fd33eb0000, 0x000001fd3b180000]
CodeHeap 'profiled nmethods': size=120000Kb used=4418Kb max_used=4418Kb free=115581Kb
 bounds [0x000001fd2c710000, 0x000001fd2cb70000, 0x000001fd33c40000]
CodeHeap 'non-nmethods': size=5696Kb used=1111Kb max_used=1160Kb free=4584Kb
 bounds [0x000001fd2c180000, 0x000001fd2c3f0000, 0x000001fd2c710000]
 total_blobs=2776 nmethods=2347 adapters=340
 compilation: enabled
              stopped_count=0, restarted_count=0
 full_count=0

Compilation events (20 events):
Event: 1195.225 Thread 0x000001fd421e8000 2341       4       java.util.regex.Pattern$CharPropertyGreedy::match (122 bytes)
Event: 1195.431 Thread 0x000001fd42ba4000 2342       3       java.lang.ThreadLocal$ThreadLocalMap::getEntryAfterMiss (63 bytes)
Event: 1195.433 Thread 0x000001fd42ba4000 nmethod 2342 0x000001fd2cb5a690 code [0x000001fd2cb5a880, 0x000001fd2cb5adc8]
Event: 1195.495 Thread 0x000001fd421e8000 nmethod 2341 0x000001fd33dac410 code [0x000001fd33dac660, 0x000001fd33dad6b8]
Event: 1195.655 Thread 0x000001fd42ba4000 2343       3       java.lang.Enum::equals (11 bytes)
Event: 1195.656 Thread 0x000001fd42ba4000 nmethod 2343 0x000001fd2cb5af90 code [0x000001fd2cb5b140, 0x000001fd2cb5b298]
Event: 1195.656 Thread 0x000001fd42ba4000 2344  s!   3       java.lang.Thread::start (71 bytes)
Event: 1195.658 Thread 0x000001fd42ba4000 nmethod 2344 0x000001fd2cb5b310 code [0x000001fd2cb5b520, 0x000001fd2cb5bbd8]
Event: 1253.984 Thread 0x000001fd42ba4000 2346       3       java.util.regex.Pattern$$Lambda$8/0x0000000100063c40::is (5 bytes)
Event: 1253.985 Thread 0x000001fd42ba4000 nmethod 2346 0x000001fd2cb5be90 code [0x000001fd2cb5c040, 0x000001fd2cb5c2b8]
Event: 1254.126 Thread 0x000001fd42ba4000 2347       3       java.nio.ByteBuffer::hasArray (20 bytes)
Event: 1254.127 Thread 0x000001fd42ba4000 nmethod 2347 0x000001fd2cb5c390 code [0x000001fd2cb5c540, 0x000001fd2cb5c6d8]
Event: 1254.127 Thread 0x000001fd42ba4000 2348       3       java.nio.CharBuffer::hasArray (20 bytes)
Event: 1254.128 Thread 0x000001fd42ba4000 nmethod 2348 0x000001fd2cb5c790 code [0x000001fd2cb5c940, 0x000001fd2cb5cad8]
Event: 1254.128 Thread 0x000001fd42ba4000 2349       3       java.nio.charset.CoderResult::isOverflow (14 bytes)
Event: 1254.128 Thread 0x000001fd42ba4000 nmethod 2349 0x000001fd2cb5cb90 code [0x000001fd2cb5cd40, 0x000001fd2cb5ce98]
Event: 1254.128 Thread 0x000001fd42ba4000 2350       1       java.util.regex.Matcher::hitEnd (5 bytes)
Event: 1254.128 Thread 0x000001fd42ba4000 nmethod 2350 0x000001fd33dae690 code [0x000001fd33dae840, 0x000001fd33dae8f8]
Event: 1254.168 Thread 0x000001fd421e8000 2351       4       java.util.regex.Pattern$CharPropertyGreedy::match (122 bytes)
Event: 1254.170 Thread 0x000001fd42ba4000 2352       3       java.util.regex.Pattern$BmpCharPredicate$$Lambda$5/0x0000000100065040::is (13 bytes)

GC Heap History (14 events):
Event: 0.775 GC heap before
{Heap before GC invocations=0 (full 0):
 garbage-first heap   total 131072K, used 19456K [0x0000000081600000, 0x0000000100000000)
  region size 1024K, 14 young (14336K), 0 survivors (0K)
 Metaspace       used 8159K, capacity 8343K, committed 8576K, reserved 1056768K
  class space    used 749K, capacity 820K, committed 896K, reserved 1048576K
}
Event: 0.782 GC heap after
{Heap after GC invocations=1 (full 0):
 garbage-first heap   total 131072K, used 7777K [0x0000000081600000, 0x0000000100000000)
  region size 1024K, 2 young (2048K), 2 survivors (2048K)
 Metaspace       used 8159K, capacity 8343K, committed 8576K, reserved 1056768K
  class space    used 749K, capacity 820K, committed 896K, reserved 1048576K
}
Event: 1.195 GC heap before
{Heap before GC invocations=1 (full 0):
 garbage-first heap   total 131072K, used 20065K [0x0000000081600000, 0x0000000100000000)
  region size 1024K, 14 young (14336K), 2 survivors (2048K)
 Metaspace       used 11665K, capacity 11881K, committed 12160K, reserved 1060864K
  class space    used 1290K, capacity 1365K, committed 1408K, reserved 1048576K
}
Event: 1.214 GC heap after
{Heap after GC invocations=2 (full 0):
 garbage-first heap   total 131072K, used 8904K [0x0000000081600000, 0x0000000100000000)
  region size 1024K, 1 young (1024K), 1 survivors (1024K)
 Metaspace       used 11665K, capacity 11881K, committed 12160K, reserved 1060864K
  class space    used 1290K, capacity 1365K, committed 1408K, reserved 1048576K
}
Event: 21.679 GC heap before
{Heap before GC invocations=2 (full 0):
 garbage-first heap   total 131072K, used 38600K [0x0000000081600000, 0x0000000100000000)
  region size 1024K, 30 young (30720K), 1 survivors (1024K)
 Metaspace       used 15860K, capacity 16176K, committed 16256K, reserved 1062912K
  class space    used 1790K, capacity 1907K, committed 1920K, reserved 1048576K
}
Event: 21.682 GC heap after
{Heap after GC invocations=3 (full 0):
 garbage-first heap   total 131072K, used 9627K [0x0000000081600000, 0x0000000100000000)
  region size 1024K, 2 young (2048K), 2 survivors (2048K)
 Metaspace       used 15860K, capacity 16176K, committed 16256K, reserved 1062912K
  class space    used 1790K, capacity 1907K, committed 1920K, reserved 1048576K
}
Event: 67.173 GC heap before
{Heap before GC invocations=3 (full 0):
 garbage-first heap   total 131072K, used 53659K [0x0000000081600000, 0x0000000100000000)
  region size 1024K, 45 young (46080K), 2 survivors (2048K)
 Metaspace       used 15983K, capacity 16246K, committed 16512K, reserved 1064960K
  class space    used 1791K, capacity 1908K, committed 1920K, reserved 1048576K
}
Event: 67.176 GC heap after
{Heap after GC invocations=4 (full 0):
 garbage-first heap   total 131072K, used 9649K [0x0000000081600000, 0x0000000100000000)
  region size 1024K, 2 young (2048K), 2 survivors (2048K)
 Metaspace       used 15983K, capacity 16246K, committed 16512K, reserved 1064960K
  class space    used 1791K, capacity 1908K, committed 1920K, reserved 1048576K
}
Event: 129.214 GC heap before
{Heap before GC invocations=4 (full 0):
 garbage-first heap   total 131072K, used 71089K [0x0000000081600000, 0x0000000100000000)
  region size 1024K, 62 young (63488K), 2 survivors (2048K)
 Metaspace       used 16086K, capacity 16438K, committed 16512K, reserved 1064960K
  class space    used 1791K, capacity 1908K, committed 1920K, reserved 1048576K
}
Event: 129.216 GC heap after
{Heap after GC invocations=5 (full 0):
 garbage-first heap   total 131072K, used 9782K [0x0000000081600000, 0x0000000100000000)
  region size 1024K, 2 young (2048K), 2 survivors (2048K)
 Metaspace       used 16086K, capacity 16438K, committed 16512K, reserved 1064960K
  class space    used 1791K, capacity 1908K, committed 1920K, reserved 1048576K
}
Event: 289.871 GC heap before
{Heap before GC invocations=5 (full 0):
 garbage-first heap   total 131072K, used 83510K [0x0000000081600000, 0x0000000100000000)
  region size 1024K, 74 young (75776K), 2 survivors (2048K)
 Metaspace       used 16253K, capacity 16566K, committed 16768K, reserved 1064960K
  class space    used 1793K, capacity 1908K, committed 1920K, reserved 1048576K
}
Event: 289.876 GC heap after
{Heap after GC invocations=6 (full 0):
 garbage-first heap   total 131072K, used 9987K [0x0000000081600000, 0x0000000100000000)
  region size 1024K, 2 young (2048K), 2 survivors (2048K)
 Metaspace       used 16253K, capacity 16566K, committed 16768K, reserved 1064960K
  class space    used 1793K, capacity 1908K, committed 1920K, reserved 1048576K
}
Event: 1083.337 GC heap before
{Heap before GC invocations=6 (full 0):
 garbage-first heap   total 131072K, used 85763K [0x0000000081600000, 0x0000000100000000)
  region size 1024K, 76 young (77824K), 2 survivors (2048K)
 Metaspace       used 16342K, capacity 16630K, committed 16768K, reserved 1064960K
  class space    used 1793K, capacity 1908K, committed 1920K, reserved 1048576K
}
Event: 1083.930 GC heap after
{Heap after GC invocations=7 (full 0):
 garbage-first heap   total 131072K, used 9918K [0x0000000081600000, 0x0000000100000000)
  region size 1024K, 2 young (2048K), 2 survivors (2048K)
 Metaspace       used 16342K, capacity 16630K, committed 16768K, reserved 1064960K
  class space    used 1793K, capacity 1908K, committed 1920K, reserved 1048576K
}

Deoptimization events (20 events):
Event: 1253.698 Thread 0x000001fd43084800 Uncommon trap: trap_request=0xffffffbe fr.pc=0x000001fd33dad238 relative=0x0000000000000bd8
Event: 1253.698 Thread 0x000001fd43084800 Uncommon trap: reason=profile_predicate action=maybe_recompile pc=0x000001fd33dad238 method=java.util.regex.Pattern$CharPropertyGreedy.match(Ljava/util/regex/Matcher;ILjava/lang/CharSequence;)Z @ 12 c2
Event: 1253.698 Thread 0x000001fd43084800 DEOPT PACKING pc=0x000001fd33dad238 sp=0x000000a4bcafea90
Event: 1253.698 Thread 0x000001fd43084800 DEOPT UNPACKING pc=0x000001fd2c1a78af sp=0x000000a4bcafea40 mode 2
Event: 1253.698 Thread 0x000001fd43084800 Uncommon trap: trap_request=0xffffffbe fr.pc=0x000001fd33dad238 relative=0x0000000000000bd8
Event: 1253.698 Thread 0x000001fd43084800 Uncommon trap: reason=profile_predicate action=maybe_recompile pc=0x000001fd33dad238 method=java.util.regex.Pattern$CharPropertyGreedy.match(Ljava/util/regex/Matcher;ILjava/lang/CharSequence;)Z @ 12 c2
Event: 1253.698 Thread 0x000001fd43084800 DEOPT PACKING pc=0x000001fd33dad238 sp=0x000000a4bcafe8c0
Event: 1253.698 Thread 0x000001fd43084800 DEOPT UNPACKING pc=0x000001fd2c1a78af sp=0x000000a4bcafe870 mode 2
Event: 1254.168 Thread 0x000001fd43084800 Uncommon trap: trap_request=0xffffffbe fr.pc=0x000001fd33d8caf4 relative=0x0000000000000e94
Event: 1254.168 Thread 0x000001fd43084800 Uncommon trap: reason=profile_predicate action=maybe_recompile pc=0x000001fd33d8caf4 method=java.util.regex.Pattern$CharPropertyGreedy.match(Ljava/util/regex/Matcher;ILjava/lang/CharSequence;)Z @ 9 c2
Event: 1254.168 Thread 0x000001fd43084800 DEOPT PACKING pc=0x000001fd33d8caf4 sp=0x000000a4bcafe8a0
Event: 1254.168 Thread 0x000001fd43084800 DEOPT UNPACKING pc=0x000001fd2c1a78af sp=0x000000a4bcafe880 mode 2
Event: 1254.169 Thread 0x000001fd43084800 Uncommon trap: trap_request=0xffffffbe fr.pc=0x000001fd33d2e7b8 relative=0x0000000000000478
Event: 1254.169 Thread 0x000001fd43084800 Uncommon trap: reason=profile_predicate action=maybe_recompile pc=0x000001fd33d2e7b8 method=java.util.regex.Pattern$Slice.match(Ljava/util/regex/Matcher;ILjava/lang/CharSequence;)Z @ 18 c2
Event: 1254.169 Thread 0x000001fd43084800 DEOPT PACKING pc=0x000001fd33d2e7b8 sp=0x000000a4bcafe7b0
Event: 1254.169 Thread 0x000001fd43084800 DEOPT UNPACKING pc=0x000001fd2c1a78af sp=0x000000a4bcafe750 mode 2
Event: 1254.169 Thread 0x000001fd43084800 Uncommon trap: trap_request=0xffffffbe fr.pc=0x000001fd33d2e7b8 relative=0x0000000000000478
Event: 1254.169 Thread 0x000001fd43084800 Uncommon trap: reason=profile_predicate action=maybe_recompile pc=0x000001fd33d2e7b8 method=java.util.regex.Pattern$Slice.match(Ljava/util/regex/Matcher;ILjava/lang/CharSequence;)Z @ 18 c2
Event: 1254.169 Thread 0x000001fd43084800 DEOPT PACKING pc=0x000001fd33d2e7b8 sp=0x000000a4bcafe7b0
Event: 1254.169 Thread 0x000001fd43084800 DEOPT UNPACKING pc=0x000001fd2c1a78af sp=0x000000a4bcafe750 mode 2

Classes redefined (0 events):
No events

Internal exceptions (20 events):
Event: 305.366 Thread 0x000001fd2868b000 Exception <a 'java/io/IOException'{0x0000000088e83320}> (0x0000000088e83320) thrown at [./src/hotspot/share/prims/jni.cpp, line 615]
Event: 309.172 Thread 0x000001fd2868b000 Exception <a 'java/io/IOException'{0x0000000088b401e0}> (0x0000000088b401e0) thrown at [./src/hotspot/share/prims/jni.cpp, line 615]
Event: 317.628 Thread 0x000001fd2868b000 Exception <a 'java/io/IOException'{0x00000000888fc220}> (0x00000000888fc220) thrown at [./src/hotspot/share/prims/jni.cpp, line 615]
Event: 335.353 Thread 0x000001fd2868b000 Exception <a 'java/io/IOException'{0x00000000884bbea8}> (0x00000000884bbea8) thrown at [./src/hotspot/share/prims/jni.cpp, line 615]
Event: 392.087 Thread 0x000001fd2868b000 Exception <a 'java/io/IOException'{0x0000000088079a98}> (0x0000000088079a98) thrown at [./src/hotspot/share/prims/jni.cpp, line 615]
Event: 486.991 Thread 0x000001fd2868b000 Exception <a 'java/io/IOException'{0x0000000087c4f170}> (0x0000000087c4f170) thrown at [./src/hotspot/share/prims/jni.cpp, line 615]
Event: 515.408 Thread 0x000001fd2868b000 Exception <a 'java/io/IOException'{0x000000008783a420}> (0x000000008783a420) thrown at [./src/hotspot/share/prims/jni.cpp, line 615]
Event: 553.003 Thread 0x000001fd2868b000 Exception <a 'java/io/IOException'{0x0000000087304210}> (0x0000000087304210) thrown at [./src/hotspot/share/prims/jni.cpp, line 615]
Event: 586.453 Thread 0x000001fd2868b000 Exception <a 'java/io/IOException'{0x00000000871cbe90}> (0x00000000871cbe90) thrown at [./src/hotspot/share/prims/jni.cpp, line 615]
Event: 622.542 Thread 0x000001fd2868b000 Exception <a 'java/io/IOException'{0x0000000086cad858}> (0x0000000086cad858) thrown at [./src/hotspot/share/prims/jni.cpp, line 615]
Event: 662.091 Thread 0x000001fd2868b000 Exception <a 'java/io/IOException'{0x000000008697c420}> (0x000000008697c420) thrown at [./src/hotspot/share/prims/jni.cpp, line 615]
Event: 734.919 Thread 0x000001fd2868b000 Exception <a 'java/io/IOException'{0x000000008654bed0}> (0x000000008654bed0) thrown at [./src/hotspot/share/prims/jni.cpp, line 615]
Event: 794.128 Thread 0x000001fd2868b000 Exception <a 'java/io/IOException'{0x000000008602bd88}> (0x000000008602bd88) thrown at [./src/hotspot/share/prims/jni.cpp, line 615]
Event: 818.909 Thread 0x000001fd2868b000 Exception <a 'java/io/IOException'{0x0000000085efd3c8}> (0x0000000085efd3c8) thrown at [./src/hotspot/share/prims/jni.cpp, line 615]
Event: 895.112 Thread 0x000001fd2868b000 Exception <a 'java/io/IOException'{0x0000000085acfcc8}> (0x0000000085acfcc8) thrown at [./src/hotspot/share/prims/jni.cpp, line 615]
Event: 928.890 Thread 0x000001fd2868b000 Exception <a 'java/io/IOException'{0x00000000855b8b20}> (0x00000000855b8b20) thrown at [./src/hotspot/share/prims/jni.cpp, line 615]
Event: 974.062 Thread 0x000001fd2868b000 Exception <a 'java/io/IOException'{0x000000008500ec50}> (0x000000008500ec50) thrown at [./src/hotspot/share/prims/jni.cpp, line 615]
Event: 1082.199 Thread 0x000001fd2868b000 Exception <a 'java/io/IOException'{0x0000000084ee7f50}> (0x0000000084ee7f50) thrown at [./src/hotspot/share/prims/jni.cpp, line 615]
Event: 1151.549 Thread 0x000001fd2868b000 Exception <a 'java/io/IOException'{0x00000000894e03a8}> (0x00000000894e03a8) thrown at [./src/hotspot/share/prims/jni.cpp, line 615]
Event: 1195.471 Thread 0x000001fd2868b000 Exception <a 'java/io/IOException'{0x0000000088fc6fa0}> (0x0000000088fc6fa0) thrown at [./src/hotspot/share/prims/jni.cpp, line 615]

Events (20 events):
Event: 1084.530 Executing VM operation: RevokeBias
Event: 1084.573 Executing VM operation: RevokeBias done
Event: 1144.576 Thread 0x000001fd42e9f800 Thread exited: 0x000001fd42e9f800
Event: 1151.541 Thread 0x000001fd43084800 Thread exited: 0x000001fd43084800
Event: 1151.625 Thread 0x000001fd43084800 Thread added: 0x000001fd43084800
Event: 1151.780 Thread 0x000001fd42e9f000 Thread added: 0x000001fd42e9f000
Event: 1151.781 Thread 0x000001fd42e9f800 Thread added: 0x000001fd42e9f800
Event: 1151.781 Thread 0x000001fd42e9f000 Thread exited: 0x000001fd42e9f000
Event: 1151.783 Executing VM operation: RevokeBias
Event: 1151.815 Executing VM operation: RevokeBias done
Event: 1195.277 Executing VM operation: RevokeBias
Event: 1195.431 Executing VM operation: RevokeBias done
Event: 1195.431 Thread 0x000001fd43084800 Thread exited: 0x000001fd43084800
Event: 1195.431 Thread 0x000001fd42e9f800 Thread exited: 0x000001fd42e9f800
Event: 1195.548 Thread 0x000001fd43084800 Thread added: 0x000001fd43084800
Event: 1195.655 Thread 0x000001fd42e9f000 Thread added: 0x000001fd42e9f000
Event: 1195.656 Thread 0x000001fd42e9f800 Thread added: 0x000001fd42e9f800
Event: 1195.661 Thread 0x000001fd42e9f000 Thread exited: 0x000001fd42e9f000
Event: 1195.661 Executing VM operation: RevokeBias
Event: 1195.662 Executing VM operation: RevokeBias done


Dynamic libraries:
0x00007ff73bbb0000 - 0x00007ff73bbba000 	C:\Program Files\Android\Android Studio\jre\bin\java.exe
0x00007ffabb290000 - 0x00007ffabb485000 	C:\WINDOWS\SYSTEM32\ntdll.dll
0x00007ffab9530000 - 0x00007ffab95ed000 	C:\WINDOWS\System32\KERNEL32.DLL
0x00007ffab8b20000 - 0x00007ffab8de9000 	C:\WINDOWS\System32\KERNELBASE.dll
0x00007ffab91f0000 - 0x00007ffab92f0000 	C:\WINDOWS\System32\ucrtbase.dll
0x00007ffaad9c0000 - 0x00007ffaad9d9000 	C:\Program Files\Android\Android Studio\jre\bin\jli.dll
0x00007ffaba130000 - 0x00007ffaba2d0000 	C:\WINDOWS\System32\USER32.dll
0x00007ffab8df0000 - 0x00007ffab8e12000 	C:\WINDOWS\System32\win32u.dll
0x00007ffabb180000 - 0x00007ffabb1aa000 	C:\WINDOWS\System32\GDI32.dll
0x00007ffab8f50000 - 0x00007ffab905b000 	C:\WINDOWS\System32\gdi32full.dll
0x00007ffab8e80000 - 0x00007ffab8f1d000 	C:\WINDOWS\System32\msvcp_win.dll
0x00007ffaad9a0000 - 0x00007ffaad9b7000 	C:\Program Files\Android\Android Studio\jre\bin\VCRUNTIME140.dll
0x00007ffaae580000 - 0x00007ffaae81a000 	C:\WINDOWS\WinSxS\amd64_microsoft.windows.common-controls_6595b64144ccf1df_6.0.19041.1110_none_60b5254171f9507e\COMCTL32.dll
0x00007ffabb1b0000 - 0x00007ffabb24e000 	C:\WINDOWS\System32\msvcrt.dll
0x00007ffababa0000 - 0x00007ffababd0000 	C:\WINDOWS\System32\IMM32.DLL
0x00007ffa9e670000 - 0x00007ffa9e70d000 	C:\Program Files\Android\Android Studio\jre\bin\msvcp140.dll
0x00007ffa887d0000 - 0x00007ffa8929f000 	C:\Program Files\Android\Android Studio\jre\bin\server\jvm.dll
0x00007ffababd0000 - 0x00007ffabac7c000 	C:\WINDOWS\System32\ADVAPI32.dll
0x00007ffabac80000 - 0x00007ffabad1b000 	C:\WINDOWS\System32\sechost.dll
0x00007ffabafc0000 - 0x00007ffabb0ea000 	C:\WINDOWS\System32\RPCRT4.dll
0x00007ffabb0f0000 - 0x00007ffabb0f8000 	C:\WINDOWS\System32\PSAPI.DLL
0x00007ffab3210000 - 0x00007ffab3219000 	C:\WINDOWS\SYSTEM32\WSOCK32.dll
0x00007ffabad20000 - 0x00007ffabad8b000 	C:\WINDOWS\System32\WS2_32.dll
0x00007ffaaef80000 - 0x00007ffaaefa7000 	C:\WINDOWS\SYSTEM32\WINMM.dll
0x00007ffab3080000 - 0x00007ffab308a000 	C:\WINDOWS\SYSTEM32\VERSION.dll
0x00007ffab67f0000 - 0x00007ffab6802000 	C:\WINDOWS\SYSTEM32\kernel.appcore.dll
0x00007ffaa8880000 - 0x00007ffaa8891000 	C:\Program Files\Android\Android Studio\jre\bin\verify.dll
0x00007ffaa2ac0000 - 0x00007ffaa2ca4000 	C:\WINDOWS\SYSTEM32\DBGHELP.DLL
0x00007ffaa2a30000 - 0x00007ffaa2a5c000 	C:\WINDOWS\SYSTEM32\dbgcore.DLL
0x00007ffab90b0000 - 0x00007ffab9133000 	C:\WINDOWS\System32\bcryptPrimitives.dll
0x00007ffa90540000 - 0x00007ffa90569000 	C:\Program Files\Android\Android Studio\jre\bin\java.dll
0x00007ffab1a30000 - 0x00007ffab1a3b000 	C:\Program Files\Android\Android Studio\jre\bin\jimage.dll
0x00007ffaa78e0000 - 0x00007ffaa78f8000 	C:\Program Files\Android\Android Studio\jre\bin\zip.dll
0x00007ffaba2d0000 - 0x00007ffabaa0f000 	C:\WINDOWS\System32\SHELL32.dll
0x00007ffab6ad0000 - 0x00007ffab7260000 	C:\WINDOWS\SYSTEM32\windows.storage.dll
0x00007ffab95f0000 - 0x00007ffab9945000 	C:\WINDOWS\System32\combase.dll
0x00007ffab8420000 - 0x00007ffab844c000 	C:\WINDOWS\SYSTEM32\Wldp.dll
0x00007ffaba080000 - 0x00007ffaba12e000 	C:\WINDOWS\System32\SHCORE.dll
0x00007ffab9470000 - 0x00007ffab94c5000 	C:\WINDOWS\System32\shlwapi.dll
0x00007ffab8900000 - 0x00007ffab891f000 	C:\WINDOWS\SYSTEM32\profapi.dll
0x00007ffaa7850000 - 0x00007ffaa786a000 	C:\Program Files\Android\Android Studio\jre\bin\net.dll
0x00007ffaac820000 - 0x00007ffaac928000 	C:\WINDOWS\SYSTEM32\WINHTTP.dll
0x00007ffab8110000 - 0x00007ffab817a000 	C:\WINDOWS\system32\mswsock.dll
0x00007ffaa1820000 - 0x00007ffaa1834000 	C:\Program Files\Android\Android Studio\jre\bin\nio.dll
0x00007ffaa0550000 - 0x00007ffaa0576000 	C:\Users\Anas\.gradle\native\fdc75f09e3144964f2cf3f50f0aa648679c211496f362492102eb8c894070792\windows-amd64\native-platform.dll
0x00007ffa8e230000 - 0x00007ffa8e3c1000 	C:\Users\Anas\.gradle\native\12488b8bf47d2d4c9fbf2f6322a914ad602e24e48041cd04a747c6da556b65c4\windows-amd64\native-platform-file-events.dll
0x00007ffaabe70000 - 0x00007ffaabe7a000 	C:\Program Files\Android\Android Studio\jre\bin\management.dll
0x00007ffaa80e0000 - 0x00007ffaa80ec000 	C:\Program Files\Android\Android Studio\jre\bin\management_ext.dll
0x00007ffab8320000 - 0x00007ffab8338000 	C:\WINDOWS\SYSTEM32\CRYPTSP.dll
0x00007ffab7a30000 - 0x00007ffab7a64000 	C:\WINDOWS\system32\rsaenh.dll
0x00007ffab8f20000 - 0x00007ffab8f47000 	C:\WINDOWS\System32\bcrypt.dll
0x00007ffab88c0000 - 0x00007ffab88ee000 	C:\WINDOWS\SYSTEM32\USERENV.dll
0x00007ffab8340000 - 0x00007ffab834c000 	C:\WINDOWS\SYSTEM32\CRYPTBASE.dll
0x00007ffab7da0000 - 0x00007ffab7ddb000 	C:\WINDOWS\SYSTEM32\IPHLPAPI.DLL
0x00007ffab99e0000 - 0x00007ffab99e8000 	C:\WINDOWS\System32\NSI.dll
0x00007ffab15a0000 - 0x00007ffab15b7000 	C:\WINDOWS\SYSTEM32\dhcpcsvc6.DLL
0x00007ffab1960000 - 0x00007ffab197d000 	C:\WINDOWS\SYSTEM32\dhcpcsvc.DLL
0x00007ffab7de0000 - 0x00007ffab7eac000 	C:\WINDOWS\SYSTEM32\DNSAPI.dll
0x00007ffab2200000 - 0x00007ffab220b000 	C:\WINDOWS\SYSTEM32\WINNSI.DLL

dbghelp: loaded successfully - version: 4.0.5 - missing functions: none
symbol engine: initialized successfully - sym options: 0x614 - pdb path: .;C:\Program Files\Android\Android Studio\jre\bin;C:\WINDOWS\SYSTEM32;C:\WINDOWS\WinSxS\amd64_microsoft.windows.common-controls_6595b64144ccf1df_6.0.19041.1110_none_60b5254171f9507e;C:\Program Files\Android\Android Studio\jre\bin\server;C:\Users\Anas\.gradle\native\fdc75f09e3144964f2cf3f50f0aa648679c211496f362492102eb8c894070792\windows-amd64;C:\Users\Anas\.gradle\native\12488b8bf47d2d4c9fbf2f6322a914ad602e24e48041cd04a747c6da556b65c4\windows-amd64

VM Arguments:
jvm_args: -Dorg.gradle.appname=gradlew 
java_command: org.gradle.wrapper.GradleWrapperMain -q -Ptarget-platform=android-arm -Ptarget=C:\Users\Anas\StudioProjects\udemy\lib\main.dart -Ptrack-widget-creation=true -Pfilesystem-scheme=org-dartlang-root -Pdart-defines=flutter.inspector.structuredErrors%3Dtrue assembleDebug
java_class_path (initial): C:\Users\Anas\StudioProjects\udemy\android\\gradle\wrapper\gradle-wrapper.jar
Launcher Type: SUN_STANDARD

[Global flags]
     intx CICompilerCount                          = 3                                         {product} {ergonomic}
     uint ConcGCThreads                            = 1                                         {product} {ergonomic}
     uint G1ConcRefinementThreads                  = 4                                         {product} {ergonomic}
   size_t G1HeapRegionSize                         = 1048576                                   {product} {ergonomic}
    uintx GCDrainStackTargetSize                   = 64                                        {product} {ergonomic}
   size_t InitialHeapSize                          = 134217728                                 {product} {ergonomic}
   size_t MarkStackSize                            = 4194304                                   {product} {ergonomic}
   size_t MaxHeapSize                              = 2124414976                                {product} {ergonomic}
   size_t MaxNewSize                               = 1274019840                                {product} {ergonomic}
   size_t MinHeapDeltaBytes                        = 1048576                                   {product} {ergonomic}
    uintx NonNMethodCodeHeapSize                   = 5830732                                {pd product} {ergonomic}
    uintx NonProfiledCodeHeapSize                  = 122913754                              {pd product} {ergonomic}
    uintx ProfiledCodeHeapSize                     = 122913754                              {pd product} {ergonomic}
    uintx ReservedCodeCacheSize                    = 251658240                              {pd product} {ergonomic}
     bool SegmentedCodeCache                       = true                                      {product} {ergonomic}
     bool UseCompressedClassPointers               = true                                 {lp64_product} {ergonomic}
     bool UseCompressedOops                        = true                                 {lp64_product} {ergonomic}
     bool UseG1GC                                  = true                                      {product} {ergonomic}
     bool UseLargePagesIndividualAllocation        = false                                  {pd product} {ergonomic}

Logging:
Log output configuration:
 #0: stdout all=warning uptime,level,tags
 #1: stderr all=off uptime,level,tags

Environment Variables:
JAVA_HOME=C:\Program Files\Android\Android Studio\jre
CLASSPATH=C:\Users\Anas\StudioProjects\udemy\android\\gradle\wrapper\gradle-wrapper.jar
PATH=C:\Program Files (x86)\Common Files\Oracle\Java\javapath;C:\ProgramData\Oracle\Java\javapath;C:\WINDOWS\system32;C:\WINDOWS;C:\WINDOWS\System32\Wbem;C:\WINDOWS\System32\WindowsPowerShell\v1.0\;C:\WINDOWS\System32\OpenSSH\;C:\Program Files\dotnet\;C:\Program Files\Git\cmd;C:\MinGW\bin;C:\MinGW\msys\1.0\bin;C:\Users\Anas\AppData\Local\Microsoft\WindowsApps;C:\Users\Anas\.dotnet\tools;C:\Users\Anas\flutter\bin;C:\Program Files\CodeBlocks\MinGW\bin;;C:\Users\Anas\flutter\bin\mingit\cmd
USERNAME=Anas
OS=Windows_NT
PROCESSOR_IDENTIFIER=Intel64 Family 6 Model 61 Stepping 4, GenuineIntel



---------------  S Y S T E M  ---------------

OS: Windows 10 , 64 bit Build 19041 (10.0.19041.1151)
OS uptime: 1 days 21:40 hours

CPU:total 4 (initial active 4) (2 cores per cpu, 2 threads per core) family 6 model 61 stepping 4 microcode 0x2d, cmov, cx8, fxsr, mmx, sse, sse2, sse3, ssse3, sse4.1, sse4.2, popcnt, avx, avx2, aes, clmul, erms, 3dnowpref, lzcnt, ht, tsc, tscinvbit, bmi1, bmi2, adx, fma

Memory: 4k page, system-wide physical 8102M (261M free)
TotalPageFile size 26842M (AvailPageFile size 11M)
current process WorkingSet (physical memory assigned to process): 57M, peak: 154M
current process commit charge ("private bytes"): 221M, peak: 242M

vm_info: OpenJDK 64-Bit Server VM (11.0.10+0-b96-7249189) for windows-amd64 JRE (11.0.10+0-b96-7249189), built on Mar 31 2021 21:44:00 by "builder" with MS VC++ 14.0 (VS2015)

END.
